Error: Opsss
    at Timeout.setInterval [as _onTimeout] (C:\Users\gonzalezsanh\Desktop\progrmacion\platziVideoBakend\learning-node\utilidades-debugging\console-class.js:11:23)
    at ontimeout (timers.js:436:11)
    at tryOnTimeout (timers.js:300:5)
    at listOnTimeout (timers.js:263:5)
    at Timer.processTimers (timers.js:223:10)
Error: Opsss
    at Timeout.setInterval [as _onTimeout] (C:\Users\gonzalezsanh\Desktop\progrmacion\platziVideoBakend\learning-node\utilidades-debugging\console-class.js:11:23)
    at ontimeout (timers.js:436:11)
    at tryOnTimeout (timers.js:300:5)
    at listOnTimeout (timers.js:263:5)
    at Timer.processTimers (timers.js:223:10)
Error: Opsss
    at Timeout.setInterval [as _onTimeout] (C:\Users\gonzalezsanh\Desktop\progrmacion\platziVideoBakend\learning-node\utilidades-debugging\console-class.js:11:23)
    at ontimeout (timers.js:436:11)
    at tryOnTimeout (timers.js:300:5)
    at listOnTimeout (timers.js:263:5)
    at Timer.processTimers (timers.js:223:10)
Error: Opsss
    at Timeout.setInterval [as _onTimeout] (C:\Users\gonzalezsanh\Desktop\progrmacion\platziVideoBakend\learning-node\utilidades-debugging\console-class.js:11:23)
    at ontimeout (timers.js:436:11)
    at tryOnTimeout (timers.js:300:5)
    at listOnTimeout (timers.js:263:5)
    at Timer.processTimers (timers.js:223:10)
Error: Opsss
    at Timeout.setInterval [as _onTimeout] (C:\Users\gonzalezsanh\Desktop\progrmacion\platziVideoBakend\learning-node\utilidades-debugging\console-class.js:11:23)
    at ontimeout (timers.js:436:11)
    at tryOnTimeout (timers.js:300:5)
    at listOnTimeout (timers.js:263:5)
    at Timer.processTimers (timers.js:223:10)
Error: Opsss
    at Timeout.setInterval [as _onTimeout] (C:\Users\gonzalezsanh\Desktop\progrmacion\platziVideoBakend\learning-node\utilidades-debugging\console-class.js:11:23)
    at ontimeout (timers.js:436:11)
    at tryOnTimeout (timers.js:300:5)
    at listOnTimeout (timers.js:263:5)
    at Timer.processTimers (timers.js:223:10)
Error: Opsss
    at Timeout.setInterval [as _onTimeout] (C:\Users\gonzalezsanh\Desktop\progrmacion\platziVideoBakend\learning-node\utilidades-debugging\console-class.js:11:23)
    at ontimeout (timers.js:436:11)
    at tryOnTimeout (timers.js:300:5)
    at listOnTimeout (timers.js:263:5)
    at Timer.processTimers (timers.js:223:10)
Error: Opsss
    at Timeout.setInterval [as _onTimeout] (C:\Users\gonzalezsanh\Desktop\progrmacion\platziVideoBakend\learning-node\utilidades-debugging\console-class.js:11:23)
    at ontimeout (timers.js:436:11)
    at tryOnTimeout (timers.js:300:5)
    at listOnTimeout (timers.js:263:5)
    at Timer.processTimers (timers.js:223:10)
Error: Opsss
    at Timeout.setInterval [as _onTimeout] (C:\Users\gonzalezsanh\Desktop\progrmacion\platziVideoBakend\learning-node\utilidades-debugging\console-class.js:11:23)
    at ontimeout (timers.js:436:11)
    at tryOnTimeout (timers.js:300:5)
    at listOnTimeout (timers.js:263:5)
    at Timer.processTimers (timers.js:223:10)
Error: Opsss
    at Timeout.setInterval [as _onTimeout] (C:\Users\gonzalezsanh\Desktop\progrmacion\platziVideoBakend\learning-node\utilidades-debugging\console-class.js:11:23)
    at ontimeout (timers.js:436:11)
    at tryOnTimeout (timers.js:300:5)
    at listOnTimeout (timers.js:263:5)
    at Timer.processTimers (timers.js:223:10)
Error: Opsss
    at Timeout.setInterval [as _onTimeout] (C:\Users\gonzalezsanh\Desktop\progrmacion\platziVideoBakend\learning-node\utilidades-debugging\console-class.js:11:23)
    at ontimeout (timers.js:436:11)
    at tryOnTimeout (timers.js:300:5)
    at listOnTimeout (timers.js:263:5)
    at Timer.processTimers (timers.js:223:10)
Error: Opsss
    at Timeout.setInterval [as _onTimeout] (C:\Users\gonzalezsanh\Desktop\progrmacion\platziVideoBakend\learning-node\utilidades-debugging\console-class.js:11:23)
    at ontimeout (timers.js:436:11)
    at tryOnTimeout (timers.js:300:5)
    at listOnTimeout (timers.js:263:5)
    at Timer.processTimers (timers.js:223:10)
Error: Opsss
    at Timeout.setInterval [as _onTimeout] (C:\Users\gonzalezsanh\Desktop\progrmacion\platziVideoBakend\learning-node\utilidades-debugging\console-class.js:11:23)
    at ontimeout (timers.js:436:11)
    at tryOnTimeout (timers.js:300:5)
    at listOnTimeout (timers.js:263:5)
    at Timer.processTimers (timers.js:223:10)
